Log file open, 07/20/14 19:21:23
LogInit:Display: Running engine for game: Darkefacts
LogInit: Version: 4.3.0-2215663+++depot+UE4-Releases+4.3
LogInit: API Version: 2215663
LogInit: Compiled (64-bit): Jul 14 2014 22:23:33
LogInit: Build Configuration: Development
LogInit: Branch Name: ++depot+UE4-Releases+4.3
LogInit: Command line: 
LogInit: Base directory: G:/Programs/Unreal Engine 4/Unreal Engine/4.3/Engine/Binaries/Win64/
LogInit: Rocket: 1
[2014.07.20-17.21.23:786][  0]LogTaskGraph: Started task graph with 3 named threads and 4 total threads.
[2014.07.20-17.21.23:812][  0]LogOnline:Warning: No default platform service specified for OnlineSubsystem
[2014.07.20-17.21.23:825][  0]LogInit: Presizing for 0 objects not considered by GC, pre-allocating 0 bytes.
[2014.07.20-17.21.23:832][  0]LogInit: Object subsystem initialized
[2014.07.20-17.21.23:834][  0]LogInit: Selected Device Profile: [Windows]
[2014.07.20-17.21.23:834][  0]LogInit: Applying CVar settings loaded from the selected device profile: [Windows]
[2014.07.20-17.21.23:840][  0]LogInit: Computer: CRIMSON-CUBE
[2014.07.20-17.21.23:840][  0]LogInit: User: Souler
[2014.07.20-17.21.23:841][  0]LogInit: CPU Page size=4096, Cores=4
[2014.07.20-17.21.23:841][  0]LogInit: High frequency timer resolution =3.320371 MHz
[2014.07.20-17.21.23:842][  0]LogMemory: Memory total: Physical=15.9GB (16GB approx) Virtual=8192.0GB
[2014.07.20-17.21.23:843][  0]LogMemory: Platform Memory Stats for Windows
[2014.07.20-17.21.23:843][  0]LogMemory: Process Physical Memory: 58.98 MB used, 58.98 MB peak
[2014.07.20-17.21.23:843][  0]LogMemory: Process Virtual Memory: 35.82 MB used, 35.82 MB peak
[2014.07.20-17.21.23:844][  0]LogMemory: Physical Memory: 6164.71 MB used, 16332.43 MB total
[2014.07.20-17.21.23:844][  0]LogMemory: Virtual Memory: 239.59 MB used, 8388608.00 MB total
[2014.07.20-17.21.23:944][  0]LogD3D11RHI: Found D3D11 adapter 0: NVIDIA GeForce GTX 760 (Feature Level 11_0)
[2014.07.20-17.21.23:945][  0]LogD3D11RHI: Adapter has 1990MB of dedicated video memory, 0MB of dedicated system memory, and 2048MB of shared system memory, 1 output[s]
[2014.07.20-17.21.23:946][  0]LogD3D11RHI: Chosen D3D11 Adapter Id = 0
[2014.07.20-17.21.23:957][  0]LogRHI: Texture pool is 1361 MB (70% of 1945 MB)
[2014.07.20-17.21.23:988][  0]LogD3D11RHI: Async texture creation enabled
[2014.07.20-17.21.24:058][  0]LogTextLocalizationManager:Warning: The selected culture 'nb_NO' is not available; falling back to 'en'
[2014.07.20-17.21.24:115][  0]LogContentStreaming: Texture pool size is 0.000000MB
[2014.07.20-17.21.24:804][  0]LogTargetPlatformManager:Display: Building Assets For Windows
[2014.07.20-17.21.24:947][  0]LogTargetPlatformManager:Display: Building Assets For Windows
[2014.07.20-17.21.24:985][  0]LogDerivedDataCache:Display: Max Cache Size: 512 MB
[2014.07.20-17.21.25:019][  0]LogDerivedDataCache: Loaded boot cache 0.03s 39MB C:/Users/Souler/AppData/Local/UnrealEngine/4.3/DerivedDataCache/Boot.ddc.
[2014.07.20-17.21.25:020][  0]LogDerivedDataCache:Display: Loaded Boot cache: C:/Users/Souler/AppData/Local/UnrealEngine/4.3/DerivedDataCache/Boot.ddc
[2014.07.20-17.21.25:020][  0]LogDerivedDataCache: FDerivedDataBackendGraph:  Pak pak cache file ../../../../../../../Projects/Repository/Darkefacts/DerivedDataCache/DDC.ddp not found, will not use a pak cache.
[2014.07.20-17.21.25:020][  0]LogDerivedDataCache: Unable to find inner node Pak for hierarchical cache Hierarchy.
[2014.07.20-17.21.25:037][  0]LogDerivedDataCache:Display: Pak cache opened for reading ../../../Engine/DerivedDataCache/DDC.ddp.
[2014.07.20-17.21.25:051][  0]LogDerivedDataCache: Using Local data cache path C:/Users/Souler/AppData/Local/UnrealEngine/4.3/DerivedDataCache: Writable
[2014.07.20-17.21.25:230][  0]LogMeshUtilities: No automatic mesh reduction module available
[2014.07.20-17.21.25:230][  0]LogMeshUtilities: No automatic mesh merging module available
[2014.07.20-17.21.25:523][  0]LogInit: WinSock: version 1.1 (2.2), MaxSocks=32767, MaxUdp=65467
[2014.07.20-17.21.26:498][  0]LogLinker:Warning: Asset '../../../Engine/Plugins/Experimental/Paper2D/Content/DefaultPaperTerrainMaterial.uasset' has been saved with empty engine version. The asset will be loaded but may be incompatible.
[2014.07.20-17.21.26:500][  0]LogLinker:Warning: Asset '../../../Engine/Plugins/Experimental/Paper2D/Content/DummySprite.uasset' has been saved with empty engine version. The asset will be loaded but may be incompatible.
[2014.07.20-17.21.26:535][  0]UdpMessaging: Initializing bridge on interface 0.0.0.0:0 to multicast group 230.0.0.1:6666.
[2014.07.20-17.21.26:639][  0]SourceControl: Info Source control is disabled
[2014.07.20-17.21.26:640][  0]SourceControl: Info Source control is disabled
[2014.07.20-17.21.26:645][  0]SourceControl: Info Source control is disabled
[2014.07.20-17.21.26:810][  0]BlueprintLog: New page: Editor Load
[2014.07.20-17.21.26:871][  0]LogObj: 20198 objects as part of root set at end of initial load.
[2014.07.20-17.21.26:871][  0]LogUObjectAllocator: 4001480 out of 0 bytes used by permanent object pool.
[2014.07.20-17.21.27:010][  0]LogEngine: Initializing Engine...
[2014.07.20-17.21.27:105][  0]LogInit: XAudio2 using 'Speakers (Realtek High Definition Audio)' : 2 channels at 48 kHz using 32 bits per sample (channel mask 0x3)
[2014.07.20-17.21.27:120][  0]LogInit: FAudioDevice initialized.
[2014.07.20-17.21.27:132][  0]LogAIModule: Creating AISystem for world NewWorld
[2014.07.20-17.21.27:155][  0]LogDerivedDataCache: Saved boot cache 0.02s 39MB C:/Users/Souler/AppData/Local/UnrealEngine/4.3/DerivedDataCache/Boot.ddc.
[2014.07.20-17.21.27:160][  0]LogInit: Texture streaming: Enabled
[2014.07.20-17.21.27:198][  0]LogInit: Transaction tracking system initialized
[2014.07.20-17.21.27:336][  0]LogAssetRegistry: FAssetRegistry took 0.0107 seconds to start up
[2014.07.20-17.21.27:499][  0]LogTargetPlatformManager:Display: Building Assets For Windows
[2014.07.20-17.21.27:533][  0]LogTargetPlatformManager:Display: Building Assets For Windows
[2014.07.20-17.21.27:645][  0]LogConsoleResponse:Display: 
[2014.07.20-17.21.27:805][  0]SourceControl: Info Source control is disabled
[2014.07.20-17.21.27:806][  0]Cmd: MAP LOAD FILE="../../../Engine/Content/Maps/Templates/Template_Default.umap" TEMPLATE=1 SHOWPROGRESS=1
[2014.07.20-17.21.27:807][  0]LightingResults: New page: Lighting Build
[2014.07.20-17.21.27:814][  0]MapCheck: New page: Map Check
[2014.07.20-17.21.27:815][  0]LightingResults: New page: Lighting Build
[2014.07.20-17.21.27:827][  0]LogParticles: Destroying 0 GPU particle simulations for FXSystem 0x0000000011F187C0
[2014.07.20-17.21.27:993][  0]LogEditorServer: Finished looking for orphan Actors (0.000 secs)
[2014.07.20-17.21.27:994][  0]LogAIModule: Creating AISystem for world Template_Default
[2014.07.20-17.21.27:994][  0]Cmd: MAP CHECKDEP
[2014.07.20-17.21.27:995][  0]MapCheck: New page: Untitled_1 - Jul 20, 2014, 9:21:27 PM
[2014.07.20-17.21.28:058][  0]MapCheck: Info ========== Map Check: 0 Error(s), 0 Warning(s), [62.988ms] ==========
[2014.07.20-17.21.28:058][  0]LogFileHelpers: Loading map 'Template_Default' took 0.253
[2014.07.20-17.21.28:163][  0]LogCollectionManager: Loaded 0 collections in 0.000901 seconds
[2014.07.20-17.21.28:283][  0]LogCrashTracker: Crashtracker disabled due to settings.
[2014.07.20-17.21.28:386][  0]LogLoad: Full Startup: 5.41 seconds (BP compile: 0.05 seconds)
[2014.07.20-17.21.28:494][  0]LogSlate: SRTH: 000000000C8DBDC0, 1136 x 905
[2014.07.20-17.21.28:549][  0]LogRenderer:Warning: Reallocating scene render targets to support 1136x912.
[2014.07.20-17.21.28:698][  1]LogEpicStorage:Warning: EnumerateFiles request failed. Invalid response. code=403 error=<?xml version="1.0" encoding="UTF-8"?>
<Error><Code>AccessDenied</Code><Message>Access Denied</Message><RequestId>4D40825C5E4667C6</RequestId><HostId>csXMul4eOr6GkPuoZVKyIutv5P7clv+jJg1CINFfglQJkyFA4Glzb/XeTXFnphKI</HostId></Error>
[2014.07.20-17.21.28:770][  1]LogAssetRegistry: Asset discovery search completed in 1.4449 seconds
[2014.07.20-17.21.28:785][  2]LogEpicSurvey:Warning: EnumerateFiles request failed. Invalid response. code=403 error=<?xml version="1.0" encoding="UTF-8"?>
<Error><Code>AccessDenied</Code><Message>Access Denied</Message><RequestId>6244C9EBF365CAC7</RequestId><HostId>ZgT4DMRhBpuobjF3iJzeOjrFyUJO05d4ZKB20aT8y0tC56v34O9g8SdCdj/wCfEm</HostId></Error>
[2014.07.20-17.21.28:791][  3]LogEpicStorage:Warning: EnumerateFiles request failed. Invalid response. code=403 error=<?xml version="1.0" encoding="UTF-8"?>
<Error><Code>AccessDenied</Code><Message>Access Denied</Message><RequestId>4D40825C5E4667C6</RequestId><HostId>csXMul4eOr6GkPuoZVKyIutv5P7clv+jJg1CINFfglQJkyFA4Glzb/XeTXFnphKI</HostId></Error>
[2014.07.20-17.21.28:866][  5]LogEpicSurvey:Warning: EnumerateFiles request failed. Invalid response. code=403 error=<?xml version="1.0" encoding="UTF-8"?>
<Error><Code>AccessDenied</Code><Message>Access Denied</Message><RequestId>6244C9EBF365CAC7</RequestId><HostId>ZgT4DMRhBpuobjF3iJzeOjrFyUJO05d4ZKB20aT8y0tC56v34O9g8SdCdj/wCfEm</HostId></Error>
[2014.07.20-17.21.28:981][  9]LogEpicSurvey:Warning: EnumerateFiles request failed. Invalid response. code=403 error=<?xml version="1.0" encoding="UTF-8"?>
<Error><Code>AccessDenied</Code><Message>Access Denied</Message><RequestId>21C32F7E64758111</RequestId><HostId>UZsVVvr2JlBUtWPpeqC8i5ZWhO+/OwoWqGR+YtrkRtrUozBSSEXQc9k4FFV4oGpX</HostId></Error>
[2014.07.20-17.21.29:005][ 10]LogEpicStorage:Warning: ReadFile request failed. File request already pending for filename=http://cdn.unrealengine.com/newsfeed/blueprint_icon_b.png
[2014.07.20-17.21.29:006][ 10]LogEpicStorage:Warning: ReadFile request failed. File request already pending for filename=http://cdn.unrealengine.com/newsfeed/blueprint_icon_b.png
[2014.07.20-17.21.34:894][310]Cmd: QUIT_EDITOR
[2014.07.20-17.21.34:949][310]LogWindowsTextInputMethodSystem:Error: Terminating failed while unadvising the language notification sink from the TSF source.
[2014.07.20-17.21.34:952][310]LogExit: Preparing to exit.
[2014.07.20-17.21.35:670][310]LogExit: Editor shut down
[2014.07.20-17.21.35:670][310]LogExit: Transaction tracking system shut down
[2014.07.20-17.21.35:671][310]LogParticles: Destroying 0 GPU particle simulations for FXSystem 0x0000000014F1D080
[2014.07.20-17.21.35:684][310]LogExit: Object subsystem successfully closed.
[2014.07.20-17.21.35:705][310]LogModuleManager: Shutting down and abandoning module AndroidDeviceDetection (173)
[2014.07.20-17.21.35:705][310]LogModuleManager: Shutting down and abandoning module GameLiveStreaming (172)
[2014.07.20-17.21.35:706][310]LogModuleManager: Shutting down and abandoning module CrashTracker (171)
[2014.07.20-17.21.35:706][310]LogModuleManager: Shutting down and abandoning module HTTP (170)
[2014.07.20-17.21.35:706][310]LogModuleManager: Shutting down and abandoning module NewsFeed (169)
[2014.07.20-17.21.35:707][310]LogModuleManager: Shutting down and abandoning module SceneOutliner (168)
[2014.07.20-17.21.35:707][310]LogModuleManager: Shutting down and abandoning module EditorWidgets (167)
[2014.07.20-17.21.35:707][310]LogModuleManager: Shutting down and abandoning module CollectionManager (166)
[2014.07.20-17.21.35:707][310]LogModuleManager: Shutting down and abandoning module StatsViewer (165)
[2014.07.20-17.21.35:708][310]LogModuleManager: Shutting down and abandoning module FoliageEdit (164)
[2014.07.20-17.21.35:708][310]LogModuleManager: Shutting down and abandoning module LandscapeEditor (163)
[2014.07.20-17.21.35:708][310]LogModuleManager: Shutting down and abandoning module MeshPaint (162)
[2014.07.20-17.21.35:708][310]LogModuleManager: Shutting down and abandoning module ActorPickerMode (161)
[2014.07.20-17.21.35:709][310]LogModuleManager: Shutting down and abandoning module GeometryMode (160)
[2014.07.20-17.21.35:709][310]LogModuleManager: Shutting down and abandoning module TextureAlignMode (159)
[2014.07.20-17.21.35:709][310]LogModuleManager: Shutting down and abandoning module BspMode (158)
[2014.07.20-17.21.35:709][310]LogModuleManager: Shutting down and abandoning module PlacementMode (157)
[2014.07.20-17.21.35:710][310]LogModuleManager: Shutting down and abandoning module DesktopPlatform (156)
[2014.07.20-17.21.35:710][310]LogModuleManager: Shutting down and abandoning module AutomationWorker (155)
[2014.07.20-17.21.35:710][310]LogModuleManager: Shutting down and abandoning module EditorLiveStreaming (154)
[2014.07.20-17.21.35:710][310]LogModuleManager: Shutting down and abandoning module DeviceProfileEditor (153)
[2014.07.20-17.21.35:711][310]LogModuleManager: Shutting down and abandoning module UndoHistory (152)
[2014.07.20-17.21.35:711][310]LogModuleManager: Shutting down and abandoning module GameplayTagsEditor (151)
[2014.07.20-17.21.35:711][310]LogModuleManager: Shutting down and abandoning module UserFeedback (150)
[2014.07.20-17.21.35:711][310]LogModuleManager: Shutting down and abandoning module XmlParser (149)
[2014.07.20-17.21.35:712][310]LogModuleManager: Shutting down and abandoning module Blutility (148)
[2014.07.20-17.21.35:712][310]LogModuleManager: Shutting down and abandoning module IOSPlatformEditor (147)
[2014.07.20-17.21.35:712][310]LogModuleManager: Shutting down and abandoning module IOSRuntimeSettings (146)
[2014.07.20-17.21.35:712][310]LogModuleManager: Shutting down and abandoning module AndroidPlatformEditor (145)
[2014.07.20-17.21.35:713][310]LogModuleManager: Shutting down and abandoning module AndroidRuntimeSettings (144)
[2014.07.20-17.21.35:713][310]LogModuleManager: Shutting down and abandoning module ProjectTargetPlatformEditor (143)
[2014.07.20-17.21.35:713][310]LogModuleManager: Shutting down and abandoning module ProjectSettingsViewer (142)
[2014.07.20-17.21.35:713][310]LogModuleManager: Shutting down and abandoning module InputBindingEditor (141)
[2014.07.20-17.21.35:714][310]LogModuleManager: Shutting down and abandoning module EditorSettingsViewer (140)
[2014.07.20-17.21.35:714][310]LogModuleManager: Shutting down and abandoning module SettingsEditor (139)
[2014.07.20-17.21.35:715][310]LogModuleManager: Shutting down and abandoning module SessionLauncher (138)
[2014.07.20-17.21.35:715][310]LogModuleManager: Shutting down and abandoning module SessionFrontend (137)
[2014.07.20-17.21.35:716][310]LogModuleManager: Shutting down and abandoning module ProfilerClient (136)
[2014.07.20-17.21.35:716][310]LogModuleManager: Shutting down and abandoning module TargetDeviceServices (135)
[2014.07.20-17.21.35:716][310]LogModuleManager: Shutting down and abandoning module DeviceManager (134)
[2014.07.20-17.21.35:716][310]LogModuleManager: Shutting down and abandoning module AutomationController (133)
[2014.07.20-17.21.35:717][310]LogModuleManager: Shutting down and abandoning module AutomationWindow (132)
[2014.07.20-17.21.35:717][310]LogModuleManager: Shutting down and abandoning module Layers (131)
[2014.07.20-17.21.35:717][310]LogModuleManager: Shutting down and abandoning module ComponentVisualizers (130)
[2014.07.20-17.21.35:718][310]LogModuleManager: Shutting down and abandoning module DetailCustomizations (129)
[2014.07.20-17.21.35:718][310]LogModuleManager: Shutting down and abandoning module PackagesDialog (128)
[2014.07.20-17.21.35:718][310]LogModuleManager: Shutting down and abandoning module DirectoryWatcher (127)
[2014.07.20-17.21.35:718][310]LogModuleManager: Shutting down and abandoning module AssetRegistry (126)
[2014.07.20-17.21.35:753][310]LogModuleManager: Shutting down and abandoning module Persona (125)
[2014.07.20-17.21.35:753][310]LogModuleManager: Shutting down and abandoning module GraphEditor (124)
[2014.07.20-17.21.35:753][310]LogModuleManager: Shutting down and abandoning module ClassViewer (123)
[2014.07.20-17.21.35:754][310]LogModuleManager: Shutting down and abandoning module Toolbox (122)
[2014.07.20-17.21.35:754][310]LogModuleManager: Shutting down and abandoning module ModuleUI (121)
[2014.07.20-17.21.35:754][310]LogModuleManager: Shutting down and abandoning module Sequencer (120)
[2014.07.20-17.21.35:755][310]LogModuleManager: Shutting down and abandoning module MovieSceneTools (119)
[2014.07.20-17.21.35:755][310]LogModuleManager: Shutting down and abandoning module OutputLog (118)
[2014.07.20-17.21.35:755][310]LogModuleManager: Shutting down and abandoning module GammaUI (117)
[2014.07.20-17.21.35:755][310]LogModuleManager: Shutting down and abandoning module Documentation (116)
[2014.07.20-17.21.35:756][310]LogModuleManager: Shutting down and abandoning module StreamingPauseRendering (115)
[2014.07.20-17.21.35:756][310]LogModuleManager: Shutting down and abandoning module AnalyticsET (114)
[2014.07.20-17.21.35:756][310]LogModuleManager: Shutting down and abandoning module Analytics (113)
[2014.07.20-17.21.35:756][310]LogModuleManager: Shutting down and abandoning module GameplayDebugger (112)
[2014.07.20-17.21.35:757][310]LogModuleManager: Shutting down and abandoning module AIModule (111)
[2014.07.20-17.21.35:757][310]LogModuleManager: Shutting down and abandoning module ProfilerService (110)
[2014.07.20-17.21.35:931][310]LogModuleManager: Shutting down and abandoning module TaskGraph (109)
[2014.07.20-17.21.35:931][310]LogModuleManager: Shutting down and abandoning module ViewportSnapping (108)
[2014.07.20-17.21.35:932][310]LogModuleManager: Shutting down and abandoning module GameProjectGeneration (107)
[2014.07.20-17.21.35:932][310]LogModuleManager: Shutting down and abandoning module Matinee (106)
[2014.07.20-17.21.35:933][310]LogModuleManager: Shutting down and abandoning module Kismet (105)
[2014.07.20-17.21.35:933][310]LogModuleManager: Shutting down and abandoning module SlateReflector (104)
[2014.07.20-17.21.35:934][310]LogModuleManager: Shutting down and abandoning module LevelEditor (103)
[2014.07.20-17.21.35:935][310]LogModuleManager: Shutting down and abandoning module IntroTutorials (102)
[2014.07.20-17.21.35:936][310]LogModuleManager: Shutting down and abandoning module ContentBrowser (101)
[2014.07.20-17.21.35:937][310]LogModuleManager: Shutting down and abandoning module PropertyEditor (100)
[2014.07.20-17.21.35:938][310]LogModuleManager: Shutting down and abandoning module AssetTools (99)
[2014.07.20-17.21.35:938][310]LogModuleManager: Shutting down and abandoning module MainFrame (98)
[2014.07.20-17.21.35:939][310]LogModuleManager: Shutting down and abandoning module SourceControl (97)
[2014.07.20-17.21.35:939][310]LogModuleManager: Shutting down and abandoning module Darkefacts (96)
[2014.07.20-17.21.35:940][310]LogModuleManager: Shutting down and abandoning module ImageWrapper (95)
[2014.07.20-17.21.35:940][310]LogModuleManager: Shutting down and abandoning module OnlineBlueprintSupport (94)
[2014.07.20-17.21.35:940][310]LogModuleManager: Shutting down and abandoning module FunctionalTesting (93)
[2014.07.20-17.21.35:940][310]LogModuleManager: Shutting down and abandoning module CollisionAnalyzer (92)
[2014.07.20-17.21.35:941][310]LogModuleManager: Shutting down and abandoning module WorkspaceMenuStructure (91)
[2014.07.20-17.21.35:941][310]LogModuleManager: Shutting down and abandoning module MessageLog (90)
[2014.07.20-17.21.35:941][310]LogModuleManager: Shutting down and abandoning module Slate (89)
[2014.07.20-17.21.35:942][310]LogModuleManager: Shutting down and abandoning module EditorStyle (88)
[2014.07.20-17.21.35:943][310]LogModuleManager: Shutting down and abandoning module SessionServices (87)
[2014.07.20-17.21.35:944][310]LogModuleManager: Shutting down and abandoning module SourceCodeAccess (86)
[2014.07.20-17.21.35:944][310]LogModuleManager: Shutting down and abandoning module HeadMountedDisplay (85)
[2014.07.20-17.21.35:944][310]LogModuleManager: Shutting down and abandoning module XAudio2 (84)
[2014.07.20-17.21.35:944][310]LogModuleManager: Shutting down and abandoning module Networking (82)
[2014.07.20-17.21.35:945][310]LogModuleManager: Shutting down and abandoning module Core (81)
[2014.07.20-17.21.35:945][310]LogModuleManager: Shutting down and abandoning module KismetCompiler (80)
[2014.07.20-17.21.35:945][310]LogModuleManager: Shutting down and abandoning module PhysXFormats (79)
[2014.07.20-17.21.35:945][310]LogModuleManager: Shutting down and abandoning module MeshUtilities (78)
[2014.07.20-17.21.35:946][310]LogModuleManager: Shutting down and abandoning module DerivedDataCache (77)
[2014.07.20-17.21.36:050][310]LogDerivedDataCache: Shutdown
[2014.07.20-17.21.36:051][310]LogModuleManager: Shutting down and abandoning module ShaderFormatOpenGL (76)
[2014.07.20-17.21.36:051][310]LogModuleManager: Shutting down and abandoning module ShaderFormatD3D (75)
[2014.07.20-17.21.36:052][310]LogModuleManager: Shutting down and abandoning module MetalShaderFormat (74)
[2014.07.20-17.21.36:052][310]LogModuleManager: Shutting down and abandoning module TextureFormatUncompressed (73)
[2014.07.20-17.21.36:052][310]LogModuleManager: Shutting down and abandoning module TextureFormatPVR (72)
[2014.07.20-17.21.36:053][310]LogModuleManager: Shutting down and abandoning module TextureFormatDXT (71)
[2014.07.20-17.21.36:053][310]LogModuleManager: Shutting down and abandoning module TextureFormatAndroid (70)
[2014.07.20-17.21.36:053][310]LogModuleManager: Shutting down and abandoning module AudioFormatOpus (69)
[2014.07.20-17.21.36:053][310]LogModuleManager: Shutting down and abandoning module AudioFormatOgg (68)
[2014.07.20-17.21.36:054][310]LogModuleManager: Shutting down and abandoning module AudioFormatADPCM (67)
[2014.07.20-17.21.36:054][310]LogModuleManager: Shutting down and abandoning module Messaging (66)
[2014.07.20-17.21.36:054][310]LogModuleManager: Shutting down and abandoning module IOSTargetPlatform (65)
[2014.07.20-17.21.36:055][310]LogModuleManager: Shutting down and abandoning module Android_PVRTCTargetPlatform (64)
[2014.07.20-17.21.36:055][310]LogModuleManager: Shutting down and abandoning module Android_ETC2TargetPlatform (63)
[2014.07.20-17.21.36:055][310]LogModuleManager: Shutting down and abandoning module Android_ETC1TargetPlatform (62)
[2014.07.20-17.21.36:056][310]LogModuleManager: Shutting down and abandoning module Android_DXTTargetPlatform (61)
[2014.07.20-17.21.36:056][310]LogModuleManager: Shutting down and abandoning module Android_ATCTargetPlatform (60)
[2014.07.20-17.21.36:056][310]LogModuleManager: Shutting down and abandoning module AndroidTargetPlatform (59)
[2014.07.20-17.21.36:057][310]LogModuleManager: Shutting down and abandoning module WindowsTargetPlatform (58)
[2014.07.20-17.21.36:057][310]LogModuleManager: Shutting down and abandoning module WindowsServerTargetPlatform (57)
[2014.07.20-17.21.36:057][310]LogModuleManager: Shutting down and abandoning module WindowsNoEditorTargetPlatform (56)
[2014.07.20-17.21.36:057][310]LogModuleManager: Shutting down and abandoning module WindowsClientTargetPlatform (55)
[2014.07.20-17.21.36:058][310]LogModuleManager: Shutting down and abandoning module TargetPlatform (54)
[2014.07.20-17.21.36:058][310]LogModuleManager: Shutting down and abandoning module InputCore (53)
[2014.07.20-17.21.36:058][310]LogModuleManager: Shutting down and abandoning module Settings (52)
[2014.07.20-17.21.36:059][310]LogModuleManager: Shutting down and abandoning module TextureCompressor (49)
[2014.07.20-17.21.36:059][310]LogModuleManager: Shutting down and abandoning module ShaderCore (48)
[2014.07.20-17.21.36:060][310]LogModuleManager: Shutting down and abandoning module OpenGLDrv (47)
[2014.07.20-17.21.36:060][310]LogModuleManager: Shutting down and abandoning module D3D11RHI (46)
[2014.07.20-17.21.36:060][310]LogModuleManager: Shutting down and abandoning module SlateRHIRenderer (45)
[2014.07.20-17.21.36:060][310]LogModuleManager: Shutting down and abandoning module Renderer (44)
[2014.07.20-17.21.36:061][310]LogModuleManager: Shutting down and abandoning module Engine (43)
[2014.07.20-17.21.36:061][310]LogModuleManager: Shutting down and abandoning module SlateRemote (42)
[2014.07.20-17.21.36:061][310]LogModuleManager: Shutting down and abandoning module ScriptPlugin (41)
[2014.07.20-17.21.36:061][310]LogModuleManager: Shutting down and abandoning module ScriptEditorPlugin (39)
[2014.07.20-17.21.36:062][310]LogModuleManager: Shutting down and abandoning module WindowsMoviePlayer (38)
[2014.07.20-17.21.36:065][310]LogModuleManager: Shutting down and abandoning module ExampleDeviceProfileSelector (31)
[2014.07.20-17.21.36:066][310]LogModuleManager: Shutting down and abandoning module CustomMeshComponent (30)
[2014.07.20-17.21.36:066][310]LogModuleManager: Shutting down and abandoning module CableComponent (29)
[2014.07.20-17.21.36:067][310]LogModuleManager: Shutting down and abandoning module OculusRift (25)
[2014.07.20-17.21.36:067][310]LogModuleManager: Shutting down and abandoning module UdpMessaging (24)
[2014.07.20-17.21.36:167][310]LogModuleManager: Shutting down and abandoning module MessagingDebugger (23)
[2014.07.20-17.21.36:167][310]LogModuleManager: Shutting down and abandoning module SmartSnapping (21)
[2014.07.20-17.21.36:168][310]LogModuleManager: Shutting down and abandoning module PaperJsonImporter (20)
[2014.07.20-17.21.36:168][310]LogModuleManager: Shutting down and abandoning module Paper2DEditor (19)
[2014.07.20-17.21.36:168][310]LogModuleManager: Shutting down and abandoning module Paper2D (18)
[2014.07.20-17.21.36:169][310]LogModuleManager: Shutting down and abandoning module SpeedTreeImporter (14)
[2014.07.20-17.21.36:169][310]LogModuleManager: Shutting down and abandoning module PluginsEditor (13)
[2014.07.20-17.21.36:169][310]LogModuleManager: Shutting down and abandoning module EpicSurvey (12)
[2014.07.20-17.21.36:169][310]LogModuleManager: Shutting down and abandoning module VisualStudioSourceCodeAccess (10)
[2014.07.20-17.21.36:170][310]LogModuleManager: Shutting down and abandoning module UObjectPlugin (9)
[2014.07.20-17.21.36:170][310]LogModuleManager: Shutting down and abandoning module SubversionSourceControl (8)
[2014.07.20-17.21.36:170][310]LogModuleManager: Shutting down and abandoning module PerforceSourceControl (7)
[2014.07.20-17.21.36:170][310]LogModuleManager: Shutting down and abandoning module BlankPlugin (6)
[2014.07.20-17.21.36:171][310]LogModuleManager: Shutting down and abandoning module CoreUObject (5)
[2014.07.20-17.21.36:171][310]LogModuleManager: Shutting down and abandoning module NetworkFile (4)
[2014.07.20-17.21.36:171][310]LogModuleManager: Shutting down and abandoning module StreamingFile (3)
[2014.07.20-17.21.36:171][310]LogModuleManager: Shutting down and abandoning module SandboxFile (2)
[2014.07.20-17.21.36:172][310]LogModuleManager: Shutting down and abandoning module PakFile (1)
[2014.07.20-17.21.36:173][310]LogExit: Exiting.
[2014.07.20-17.21.36:181][310]Log file closed, 07/20/14 19:21:36
